current directory: /Users/jaydenthelwell/my_new_jam_app/jam/''/gems/prism-0.15.1/ext/prism
/Users/jaydenthelwell/.rbenv/versions/3.1.2/bin/ruby -I /Users/jaydenthelwell/.rbenv/versions/3.1.2/lib/ruby/3.1.0 -r ./siteconf20231025-6899-ymfb4i.rb extconf.rb
checking for whether -fvisibility=hidden is accepted as CFLAGS... yes
compiling build/static/diagnostic.o
compiling build/static/token_type.o
compiling build/static/prettyprint.o
compiling build/static/util/pm_strpbrk.o
compiling build/static/util/pm_char.o
compiling build/static/util/pm_memchr.o
compiling build/static/util/pm_list.o
compiling build/static/util/pm_strncasecmp.o
compiling build/static/util/pm_state_stack.o
compiling build/static/util/pm_string.o
compiling build/static/util/pm_newline_list.o
compiling build/static/util/pm_string_list.o
compiling build/static/util/pm_buffer.o
compiling build/static/util/pm_constant_pool.o
compiling build/static/serialize.o
compiling build/static/regexp.o
compiling build/static/pack.o
compiling build/static/enc/pm_shift_jis.o
compiling build/static/enc/pm_big5.o
compiling build/static/enc/pm_unicode.o
compiling build/static/enc/pm_windows_31j.o
compiling build/static/enc/pm_tables.o
compiling build/static/enc/pm_euc_jp.o
compiling build/static/enc/pm_gbk.o
compiling build/static/prism.o
compiling build/static/node.o
building build/librubyparser.a
ar: creating archive build/librubyparser.a
checking for prism.h in /Users/jaydenthelwell/my_new_jam_app/jam/''/gems/prism-0.15.1/include... no
*** extconf.rb failed ***
Could not create Makefile due to some reason, probably lack of necessary
libraries and/or headers.  Check the mkmf.log file for more details.  You may
need configuration options.

Provided configuration options:
	--with-opt-dir
	--without-opt-dir
	--with-opt-include
	--without-opt-include=${opt-dir}/include
	--with-opt-lib
	--without-opt-lib=${opt-dir}/lib
	--with-make-prog
	--without-make-prog
	--srcdir=.
	--curdir
	--ruby=/Users/jaydenthelwell/.rbenv/versions/3.1.2/bin/$(RUBY_BASE_NAME)
	--enable-debug-mode-build
	--disable-debug-mode-build
	--enable-static
	--disable-static
extconf.rb:55:in `configure_rubyparser': prism.h is required (RuntimeError)
	from extconf.rb:20:in `configure'
	from extconf.rb:136:in `<main>'

To see why this extension failed to compile, please check the mkmf.log which can be found here:

  /Users/jaydenthelwell/my_new_jam_app/jam/''/extensions/x86_64-darwin-22/3.1.0/prism-0.15.1/mkmf.log

extconf failed, exit code 1
